1487505468.074838 client started (23829): socket /private/tmp/tmux-501/default, protocol 8
1487505468.074901 on Darwin 16.4.0 Darwin Kernel Version 16.4.0: Thu Dec 22 22:53:21 PST 2016; root:xnu-3789.41.3~3/RELEASE_X86_64; libevent 2.1.8-stable (select)
1487505468.074965 socket is /private/tmp/tmux-501/default
1487505468.074993 trying connect
1487505468.075380 add peer 0x7fede7800000: 6 (0x0)
1487505468.077612 sending message 100 to peer 0x7fede7800000 (4 bytes)
1487505468.077655 sending message 101 to peer 0x7fede7800000 (15 bytes)
1487505468.077665 sending message 102 to peer 0x7fede7800000 (13 bytes)
1487505468.077671 sending message 108 to peer 0x7fede7800000 (26 bytes)
1487505468.077691 sending message 104 to peer 0x7fede7800000 (0 bytes)
1487505468.077698 sending message 107 to peer 0x7fede7800000 (4 bytes)
1487505468.077704 sending message 105 to peer 0x7fede7800000 (63 bytes)
1487505468.077710 sending message 105 to peer 0x7fede7800000 (33 bytes)
1487505468.077716 sending message 105 to peer 0x7fede7800000 (20 bytes)
1487505468.077721 sending message 105 to peer 0x7fede7800000 (61 bytes)
1487505468.077727 sending message 105 to peer 0x7fede7800000 (44 bytes)
1487505468.077733 sending message 105 to peer 0x7fede7800000 (23 bytes)
1487505468.077738 sending message 105 to peer 0x7fede7800000 (58 bytes)
1487505468.077744 sending message 105 to peer 0x7fede7800000 (27 bytes)
1487505468.077750 sending message 105 to peer 0x7fede7800000 (20 bytes)
1487505468.077756 sending message 105 to peer 0x7fede7800000 (15 bytes)
1487505468.077761 sending message 105 to peer 0x7fede7800000 (25 bytes)
1487505468.077767 sending message 105 to peer 0x7fede7800000 (75 bytes)
1487505468.077772 sending message 105 to peer 0x7fede7800000 (57 bytes)
1487505468.077778 sending message 105 to peer 0x7fede7800000 (76 bytes)
1487505468.077783 sending message 105 to peer 0x7fede7800000 (28 bytes)
1487505468.077789 sending message 105 to peer 0x7fede7800000 (60 bytes)
1487505468.077794 sending message 105 to peer 0x7fede7800000 (42 bytes)
1487505468.077800 sending message 105 to peer 0x7fede7800000 (35 bytes)
1487505468.077805 sending message 105 to peer 0x7fede7800000 (48 bytes)
1487505468.077811 sending message 105 to peer 0x7fede7800000 (28 bytes)
1487505468.077816 sending message 105 to peer 0x7fede7800000 (11 bytes)
1487505468.077822 sending message 105 to peer 0x7fede7800000 (31 bytes)
1487505468.077827 sending message 105 to peer 0x7fede7800000 (44 bytes)
1487505468.077839 sending message 105 to peer 0x7fede7800000 (59 bytes)
1487505468.077846 sending message 105 to peer 0x7fede7800000 (66 bytes)
1487505468.077851 sending message 105 to peer 0x7fede7800000 (38 bytes)
1487505468.077857 sending message 105 to peer 0x7fede7800000 (11 bytes)
1487505468.077862 sending message 105 to peer 0x7fede7800000 (38 bytes)
1487505468.077868 sending message 105 to peer 0x7fede7800000 (32 bytes)
1487505468.077873 sending message 105 to peer 0x7fede7800000 (50 bytes)
1487505468.077879 sending message 105 to peer 0x7fede7800000 (665 bytes)
1487505468.077885 sending message 105 to peer 0x7fede7800000 (53 bytes)
1487505468.077890 sending message 105 to peer 0x7fede7800000 (30 bytes)
1487505468.077896 sending message 105 to peer 0x7fede7800000 (60 bytes)
1487505468.077901 sending message 105 to peer 0x7fede7800000 (17 bytes)
1487505468.077907 sending message 105 to peer 0x7fede7800000 (22 bytes)
1487505468.077912 sending message 105 to peer 0x7fede7800000 (14 bytes)
1487505468.077918 sending message 105 to peer 0x7fede7800000 (55 bytes)
1487505468.077923 sending message 105 to peer 0x7fede7800000 (19 bytes)
1487505468.077929 sending message 105 to peer 0x7fede7800000 (8 bytes)
1487505468.077935 sending message 105 to peer 0x7fede7800000 (18 bytes)
1487505468.077940 sending message 105 to peer 0x7fede7800000 (15 bytes)
1487505468.077946 sending message 105 to peer 0x7fede7800000 (60 bytes)
1487505468.077951 sending message 105 to peer 0x7fede7800000 (61 bytes)
1487505468.077957 sending message 105 to peer 0x7fede7800000 (8 bytes)
1487505468.077962 sending message 105 to peer 0x7fede7800000 (14 bytes)
1487505468.077988 sending message 105 to peer 0x7fede7800000 (24 bytes)
1487505468.077995 sending message 105 to peer 0x7fede7800000 (30 bytes)
1487505468.078000 sending message 105 to peer 0x7fede7800000 (38 bytes)
1487505468.078006 sending message 105 to peer 0x7fede7800000 (63 bytes)
1487505468.078012 sending message 105 to peer 0x7fede7800000 (61 bytes)
1487505468.078021 sending message 105 to peer 0x7fede7800000 (23 bytes)
1487505468.078027 sending message 105 to peer 0x7fede7800000 (47 bytes)
1487505468.078032 sending message 105 to peer 0x7fede7800000 (21 bytes)
1487505468.078038 sending message 105 to peer 0x7fede7800000 (17 bytes)
1487505468.078043 sending message 105 to peer 0x7fede7800000 (15 bytes)
1487505468.078050 sending message 106 to peer 0x7fede7800000 (0 bytes)
1487505468.078060 sending message 200 to peer 0x7fede7800000 (4 bytes)
1487505468.078066 client loop enter
1487505468.083119 peer 0x7fede7800000 message 207
1487505468.083145 sending message 208 to peer 0x7fede7800000 (0 bytes)
1487505620.579800 client loop exit
